# JRE version: Java(TM) SE Runtime Environment (16.0+36) (build 16+36-2231)
# Java VM: Java HotSpot(TM) 64-Bit Server VM (16+36-2231, mixed mode, sharing, tiered, compressed oops, g1 gc, windows-amd64)
GC Precious Log:
 CPUs: 4 total, 4 available
 Memory: 3500M
 Large Page Support: Disabled
 NUMA Support: Disabled
 Compressed Oops: Enabled (32-bit)
 Heap Region Size: 1M
 Heap Min Capacity: 64M
 Heap Initial Capacity: 64M
 Heap Max Capacity: 64M
 Pre-touch: Disabled
 Parallel Workers: 4
 Concurrent Workers: 1
 Concurrent Refinement Workers: 4
 Periodic GC: Disabled
Heap:
 garbage-first heap   total 65536K, used 16384K [0x00000000fc000000, 0x0000000100000000)
  region size 1024K, 8 young (8192K), 2 survivors (2048K)
 Metaspace       used 9923K, committed 10176K, reserved 1064960K
  class space    used 1252K, committed 1344K, reserved 1048576K
GC Heap History (6 events):
Event: 1.706 GC heap before
{Heap before GC invocations=0 (full 0):
 garbage-first heap   total 65536K, used 15360K [0x00000000fc000000, 0x0000000100000000)
  region size 1024K, 13 young (13312K), 0 survivors (0K)
 Metaspace       used 1698K, committed 1856K, reserved 1056768K
  class space    used 140K, committed 192K, reserved 1048576K
}
Event: 1.717 GC heap after
{Heap after GC invocations=1 (full 0):
 garbage-first heap   total 65536K, used 2892K [0x00000000fc000000, 0x0000000100000000)
  region size 1024K, 2 young (2048K), 2 survivors (2048K)
 Metaspace       used 1698K, committed 1856K, reserved 1056768K
  class space    used 140K, committed 192K, reserved 1048576K
}
Event: 4.145 GC heap before
{Heap before GC invocations=1 (full 0):
 garbage-first heap   total 65536K, used 21324K [0x00000000fc000000, 0x0000000100000000)
  region size 1024K, 18 young (18432K), 2 survivors (2048K)
 Metaspace       used 5058K, committed 5248K, reserved 1056768K
  class space    used 648K, committed 704K, reserved 1048576K
}
Event: 4.158 GC heap after
{Heap after GC invocations=2 (full 0):
 garbage-first heap   total 65536K, used 9711K [0x00000000fc000000, 0x0000000100000000)
  region size 1024K, 3 young (3072K), 3 survivors (3072K)
 Metaspace       used 5058K, committed 5248K, reserved 1056768K
  class space    used 648K, committed 704K, reserved 1048576K
}
Event: 304.530 GC heap before
{Heap before GC invocations=2 (full 0):
 garbage-first heap   total 65536K, used 32239K [0x00000000fc000000, 0x0000000100000000)
  region size 1024K, 25 young (25600K), 3 survivors (3072K)
 Metaspace       used 9772K, committed 9920K, reserved 1064960K
  class space    used 1252K, committed 1344K, reserved 1048576K
}
Event: 304.763 GC heap after
{Heap after GC invocations=3 (full 0):
 garbage-first heap   total 65536K, used 11264K [0x00000000fc000000, 0x0000000100000000)
  region size 1024K, 2 young (2048K), 2 survivors (2048K)
 Metaspace       used 9772K, committed 9920K, reserved 1064960K
  class space    used 1252K, committed 1344K, reserved 1048576K
}

